Using pre-set license
Built from '2020.3/staging' branch; Version is '2020.3.6f1 (338bb68529b2) revision 3378102'; Using compiler version '192528614'; Build Type 'Release'
OS: 'Windows 10 Pro; OS build 19042.1052; Version 2009; 64bit' Language: 'de' Physical Memory: 32600 MB
BatchMode: 1, IsHumanControllingUs: 0, StartBugReporterOnCrash: 0, Is64bit: 1, IsPro: 0

 COMMAND LINE ARGUMENTS:
C:\Program Files\Unity\Hub\Editor\2020.3.6f1\Editor\Unity.exe
-adb2
-batchMode
-noUpm
-name
AssetImportWorker0
-projectPath
D:/Documents/Programming/50_Github/20_Unity-Projects/SpaceInvaders
-logFile
Logs/AssetImportWorker0.log
-srvPort
53989
Successfully changed project path to: D:/Documents/Programming/50_Github/20_Unity-Projects/SpaceInvaders
D:/Documents/Programming/50_Github/20_Unity-Projects/SpaceInvaders
Using Asset Import Pipeline V2.
Refreshing native plugins compatible for Editor in 42.26 ms, found 1 plugins.
Preloading 0 native plugins for Editor in 0.00 ms.
Initialize engine version: 2020.3.6f1 (338bb68529b2)
[Subsystems] Discovering subsystems at path C:/Program Files/Unity/Hub/Editor/2020.3.6f1/Editor/Data/Resources/UnitySubsystems
[Subsystems] Discovering subsystems at path D:/Documents/Programming/50_Github/20_Unity-Projects/SpaceInvaders/Assets
GfxDevice: creating device client; threaded=0
Direct3D:
    Version:  Direct3D 11.0 [level 11.1]
    Renderer: NVIDIA GeForce RTX 2070 Super (ID=0x1e91)
    Vendor:   
    VRAM:     8011 MB
    Driver:   27.21.14.6242
Initialize mono
Mono path[0] = 'C:/Program Files/Unity/Hub/Editor/2020.3.6f1/Editor/Data/Managed'
Mono path[1] = 'C:/Program Files/Unity/Hub/Editor/2020.3.6f1/Editor/Data/MonoBleedingEdge/lib/mono/unityjit'
Mono config path = 'C:/Program Files/Unity/Hub/Editor/2020.3.6f1/Editor/Data/MonoBleedingEdge/etc'
Using monoOptions --debugger-agent=transport=dt_socket,embedding=1,server=y,suspend=n,address=127.0.0.1:56800
Begin MonoManager ReloadAssembly
Registering precompiled unity dll's ...
Register platform support module: C:/Program Files/Unity/Hub/Editor/2020.3.6f1/Editor/Data/PlaybackEngines/WebGLSupport/UnityEditor.WebGL.Extensions.dll
Register platform support module: C:/Program Files/Unity/Hub/Editor/2020.3.6f1/Editor/Data/PlaybackEngines/WindowsStandaloneSupport/UnityEditor.WindowsStandalone.Extensions.dll
Registered in 0.004964 seconds.
Native extension for WindowsStandalone target not found
Native extension for WebGL target not found
Refreshing native plugins compatible for Editor in 39.52 ms, found 1 plugins.
Preloading 0 native plugins for Editor in 0.00 ms.
Mono: successfully reloaded assembly
- Completed reload, in  2.638 seconds
Platform modules already initialized, skipping
Registering precompiled user dll's ...
Registered in 0.034829 seconds.
Begin MonoManager ReloadAssembly
Native extension for WindowsStandalone target not found
Native extension for WebGL target not found
Refreshing native plugins compatible for Editor in 34.98 ms, found 1 plugins.
Preloading 0 native plugins for Editor in 0.00 ms.
Mono: successfully reloaded assembly
- Completed reload, in  0.901 seconds
Platform modules already initialized, skipping
========================================================================
Worker process is ready to serve import requests
Launched and connected shader compiler UnityShaderCompiler.exe after 0.04 seconds
Refreshing native plugins compatible for Editor in 0.55 ms, found 1 plugins.
Preloading 0 native plugins for Editor in 0.00 ms.
Unloading 1810 Unused Serialized files (Serialized files now loaded: 0)
System memory in use before: 85.0 MB.
System memory in use after: 84.9 MB.

Unloading 24 unused Assets to reduce memory usage. Loaded Objects now: 2252.
Total: 2.448400 ms (FindLiveObjects: 0.515500 ms CreateObjectMapping: 0.152700 ms MarkObjects: 1.626900 ms  DeleteObjects: 0.149600 ms)

========================================================================
Received Import Request.
  path: Assets/Scipts/SpawnBulletController.cs
  artifactKey: Guid(d8f080f5b49e8cf499a92add6f9d5696) Importer(815301076,1909f56bfc062723c751e8b465ee728b)
Start importing Assets/Scipts/SpawnBulletController.cs using Guid(d8f080f5b49e8cf499a92add6f9d5696) Importer(815301076,1909f56bfc062723c751e8b465ee728b)  -> (artifact id: '2f7419f70db11c8b83c2eff614e1fcbb') in 0.027942 seconds
  Import took 0.030596 seconds .

========================================================================
Received Prepare
Registering precompiled user dll's ...
Registered in 0.000873 seconds.
Begin MonoManager ReloadAssembly
Native extension for WindowsStandalone target not found
Native extension for WebGL target not found
Refreshing native plugins compatible for Editor in 0.45 ms, found 1 plugins.
Preloading 0 native plugins for Editor in 0.00 ms.
Mono: successfully reloaded assembly
- Completed reload, in  0.774 seconds
Platform modules already initialized, skipping
Refreshing native plugins compatible for Editor in 0.32 ms, found 1 plugins.
Preloading 0 native plugins for Editor in 0.00 ms.
Unloading 1805 Unused Serialized files (Serialized files now loaded: 0)
System memory in use before: 84.9 MB.
System memory in use after: 84.9 MB.

Unloading 12 unused Assets to reduce memory usage. Loaded Objects now: 2256.
Total: 4.905200 ms (FindLiveObjects: 0.413000 ms CreateObjectMapping: 0.175700 ms MarkObjects: 4.076100 ms  DeleteObjects: 0.237700 ms)

========================================================================
Received Prepare
Registering precompiled user dll's ...
Registered in 0.000893 seconds.
Begin MonoManager ReloadAssembly
Native extension for WindowsStandalone target not found
Native extension for WebGL target not found
Refreshing native plugins compatible for Editor in 0.30 ms, found 1 plugins.
Preloading 0 native plugins for Editor in 0.00 ms.
Mono: successfully reloaded assembly
- Completed reload, in  0.830 seconds
Platform modules already initialized, skipping
Refreshing native plugins compatible for Editor in 0.33 ms, found 1 plugins.
Preloading 0 native plugins for Editor in 0.00 ms.
Unloading 1805 Unused Serialized files (Serialized files now loaded: 0)
System memory in use before: 85.0 MB.
System memory in use after: 84.9 MB.

Unloading 12 unused Assets to reduce memory usage. Loaded Objects now: 2260.
Total: 3.027200 ms (FindLiveObjects: 0.254500 ms CreateObjectMapping: 0.109000 ms MarkObjects: 2.482800 ms  DeleteObjects: 0.165400 ms)

========================================================================
Received Prepare
Registering precompiled user dll's ...
Registered in 0.000788 seconds.
Begin MonoManager ReloadAssembly
Native extension for WindowsStandalone target not found
Native extension for WebGL target not found
Refreshing native plugins compatible for Editor in 0.33 ms, found 1 plugins.
Preloading 0 native plugins for Editor in 0.00 ms.
Mono: successfully reloaded assembly
- Completed reload, in  0.769 seconds
Platform modules already initialized, skipping
Refreshing native plugins compatible for Editor in 0.34 ms, found 1 plugins.
Preloading 0 native plugins for Editor in 0.00 ms.
Unloading 1805 Unused Serialized files (Serialized files now loaded: 0)
System memory in use before: 85.0 MB.
System memory in use after: 85.0 MB.

Unloading 12 unused Assets to reduce memory usage. Loaded Objects now: 2264.
Total: 2.784300 ms (FindLiveObjects: 0.412600 ms CreateObjectMapping: 0.161400 ms MarkObjects: 2.051100 ms  DeleteObjects: 0.156400 ms)

========================================================================
Received Prepare
Registering precompiled user dll's ...
Registered in 0.000877 seconds.
Begin MonoManager ReloadAssembly
Native extension for WindowsStandalone target not found
Native extension for WebGL target not found
Refreshing native plugins compatible for Editor in 0.37 ms, found 1 plugins.
Preloading 0 native plugins for Editor in 0.00 ms.
Mono: successfully reloaded assembly
- Completed reload, in  0.826 seconds
Platform modules already initialized, skipping
Refreshing native plugins compatible for Editor in 0.35 ms, found 1 plugins.
Preloading 0 native plugins for Editor in 0.00 ms.
Unloading 1805 Unused Serialized files (Serialized files now loaded: 0)
System memory in use before: 85.0 MB.
System memory in use after: 85.0 MB.

Unloading 12 unused Assets to reduce memory usage. Loaded Objects now: 2268.
Total: 4.387800 ms (FindLiveObjects: 0.680000 ms CreateObjectMapping: 0.259300 ms MarkObjects: 3.309400 ms  DeleteObjects: 0.136000 ms)

========================================================================
Received Prepare
Registering precompiled user dll's ...
Registered in 0.000675 seconds.
Begin MonoManager ReloadAssembly
Native extension for WindowsStandalone target not found
Native extension for WebGL target not found
Refreshing native plugins compatible for Editor in 0.32 ms, found 1 plugins.
Preloading 0 native plugins for Editor in 0.00 ms.
Mono: successfully reloaded assembly
- Completed reload, in  0.778 seconds
Platform modules already initialized, skipping
Refreshing native plugins compatible for Editor in 0.35 ms, found 1 plugins.
Preloading 0 native plugins for Editor in 0.00 ms.
Unloading 1805 Unused Serialized files (Serialized files now loaded: 0)
System memory in use before: 85.0 MB.
System memory in use after: 85.0 MB.

Unloading 12 unused Assets to reduce memory usage. Loaded Objects now: 2272.
Total: 2.095200 ms (FindLiveObjects: 0.333800 ms CreateObjectMapping: 0.083500 ms MarkObjects: 1.539200 ms  DeleteObjects: 0.137900 ms)

========================================================================
Received Prepare
Registering precompiled user dll's ...
Registered in 0.000691 seconds.
Begin MonoManager ReloadAssembly
Native extension for WindowsStandalone target not found
Native extension for WebGL target not found
Refreshing native plugins compatible for Editor in 0.32 ms, found 1 plugins.
Preloading 0 native plugins for Editor in 0.00 ms.
Mono: successfully reloaded assembly
- Completed reload, in  0.805 seconds
Platform modules already initialized, skipping
Refreshing native plugins compatible for Editor in 0.35 ms, found 1 plugins.
Preloading 0 native plugins for Editor in 0.00 ms.
Unloading 1805 Unused Serialized files (Serialized files now loaded: 0)
System memory in use before: 85.0 MB.
System memory in use after: 85.0 MB.

Unloading 12 unused Assets to reduce memory usage. Loaded Objects now: 2276.
Total: 2.250100 ms (FindLiveObjects: 0.191500 ms CreateObjectMapping: 0.067100 ms MarkObjects: 1.897300 ms  DeleteObjects: 0.093200 ms)

========================================================================
Received Prepare
Registering precompiled user dll's ...
Registered in 0.000628 seconds.
Begin MonoManager ReloadAssembly
Native extension for WindowsStandalone target not found
Native extension for WebGL target not found
Refreshing native plugins compatible for Editor in 0.36 ms, found 1 plugins.
Preloading 0 native plugins for Editor in 0.00 ms.
Mono: successfully reloaded assembly
- Completed reload, in  0.809 seconds
Platform modules already initialized, skipping
Refreshing native plugins compatible for Editor in 0.34 ms, found 1 plugins.
Preloading 0 native plugins for Editor in 0.00 ms.
Unloading 1805 Unused Serialized files (Serialized files now loaded: 0)
System memory in use before: 85.0 MB.
System memory in use after: 85.0 MB.

Unloading 12 unused Assets to reduce memory usage. Loaded Objects now: 2280.
Total: 2.048700 ms (FindLiveObjects: 0.223800 ms CreateObjectMapping: 0.083000 ms MarkObjects: 1.645300 ms  DeleteObjects: 0.095300 ms)

========================================================================
Received Import Request.
  Time since last request: 866.552712 seconds.
  path: Assets/Scipts/MoveStraightController.cs
  artifactKey: Guid(5c9f5618bed68ac4fa205906cb37f91c) Importer(815301076,1909f56bfc062723c751e8b465ee728b)
Start importing Assets/Scipts/MoveStraightController.cs using Guid(5c9f5618bed68ac4fa205906cb37f91c) Importer(815301076,1909f56bfc062723c751e8b465ee728b)  -> (artifact id: '1c84ab9692646d71d9c68f3b622f7e62') in 0.013433 seconds
  Import took 0.017103 seconds .

========================================================================
Received Prepare
Registering precompiled user dll's ...
Registered in 0.000717 seconds.
Begin MonoManager ReloadAssembly
Native extension for WindowsStandalone target not found
Native extension for WebGL target not found
Refreshing native plugins compatible for Editor in 0.44 ms, found 1 plugins.
Preloading 0 native plugins for Editor in 0.00 ms.
Mono: successfully reloaded assembly
- Completed reload, in  1.006 seconds
Platform modules already initialized, skipping
Refreshing native plugins compatible for Editor in 0.37 ms, found 1 plugins.
Preloading 0 native plugins for Editor in 0.00 ms.
Unloading 1806 Unused Serialized files (Serialized files now loaded: 0)
System memory in use before: 85.0 MB.
System memory in use after: 85.0 MB.

Unloading 12 unused Assets to reduce memory usage. Loaded Objects now: 2285.
Total: 2.443300 ms (FindLiveObjects: 0.204100 ms CreateObjectMapping: 0.084000 ms MarkObjects: 2.014600 ms  DeleteObjects: 0.139000 ms)

========================================================================
Received Prepare
Registering precompiled user dll's ...
Registered in 0.000822 seconds.
Begin MonoManager ReloadAssembly
Native extension for WindowsStandalone target not found
Native extension for WebGL target not found
Refreshing native plugins compatible for Editor in 0.34 ms, found 1 plugins.
Preloading 0 native plugins for Editor in 0.00 ms.
Mono: successfully reloaded assembly
- Completed reload, in  0.804 seconds
Platform modules already initialized, skipping
Refreshing native plugins compatible for Editor in 0.34 ms, found 1 plugins.
Preloading 0 native plugins for Editor in 0.00 ms.
Unloading 1806 Unused Serialized files (Serialized files now loaded: 0)
System memory in use before: 85.1 MB.
System memory in use after: 85.0 MB.

Unloading 12 unused Assets to reduce memory usage. Loaded Objects now: 2289.
Total: 2.643200 ms (FindLiveObjects: 0.339300 ms CreateObjectMapping: 0.073700 ms MarkObjects: 2.122700 ms  DeleteObjects: 0.105200 ms)

========================================================================
Received Import Request.
  Time since last request: 98.357420 seconds.
  path: Assets/Scipts/MoveStraightController.cs
  artifactKey: Guid(5c9f5618bed68ac4fa205906cb37f91c) Importer(815301076,1909f56bfc062723c751e8b465ee728b)
Start importing Assets/Scipts/MoveStraightController.cs using Guid(5c9f5618bed68ac4fa205906cb37f91c) Importer(815301076,1909f56bfc062723c751e8b465ee728b)  -> (artifact id: '25b5cad472a8e9652657e4211c63d0ef') in 0.004041 seconds
  Import took 0.006835 seconds .

========================================================================
Received Import Request.
  Time since last request: 25.143623 seconds.
  path: Assets/Prefabs/BulletMonster1.prefab
  artifactKey: Guid(41225f80f9c452f48aeb271ad99cfa51) Importer(815301076,1909f56bfc062723c751e8b465ee728b)
Start importing Assets/Prefabs/BulletMonster1.prefab using Guid(41225f80f9c452f48aeb271ad99cfa51) Importer(815301076,1909f56bfc062723c751e8b465ee728b)  -> (artifact id: 'f6f41dd9836d4f7aeb219fdd86d2f8fc') in 0.092181 seconds
  Import took 0.095156 seconds .

========================================================================
Received Import Request.
  Time since last request: 10.045933 seconds.
  path: Assets/Prefabs/BulletMonster1.prefab
  artifactKey: Guid(41225f80f9c452f48aeb271ad99cfa51) Importer(815301076,1909f56bfc062723c751e8b465ee728b)
Start importing Assets/Prefabs/BulletMonster1.prefab using Guid(41225f80f9c452f48aeb271ad99cfa51) Importer(815301076,1909f56bfc062723c751e8b465ee728b)  -> (artifact id: '75f9c305f309a8e8250422f514e1f6d9') in 0.011803 seconds
  Import took 0.015552 seconds .

========================================================================
Received Import Request.
  Time since last request: 32.231564 seconds.
  path: Assets/Prefabs/Monster1.prefab
  artifactKey: Guid(d140fdc7e5196bf4b8db543a0db12918) Importer(815301076,1909f56bfc062723c751e8b465ee728b)
Start importing Assets/Prefabs/Monster1.prefab using Guid(d140fdc7e5196bf4b8db543a0db12918) Importer(815301076,1909f56bfc062723c751e8b465ee728b)  -> (artifact id: '6bcb05b2531709acd9633d05404ee43e') in 0.023159 seconds
  Import took 0.026463 seconds .

========================================================================
Received Prepare
Registering precompiled user dll's ...
Registered in 0.000848 seconds.
Begin MonoManager ReloadAssembly
Native extension for WindowsStandalone target not found
Native extension for WebGL target not found
Refreshing native plugins compatible for Editor in 0.32 ms, found 1 plugins.
Preloading 0 native plugins for Editor in 0.00 ms.
Mono: successfully reloaded assembly
- Completed reload, in  0.960 seconds
Platform modules already initialized, skipping
Refreshing native plugins compatible for Editor in 0.36 ms, found 1 plugins.
Preloading 0 native plugins for Editor in 0.00 ms.
Unloading 1806 Unused Serialized files (Serialized files now loaded: 0)
System memory in use before: 88.2 MB.
System memory in use after: 88.1 MB.

Unloading 12 unused Assets to reduce memory usage. Loaded Objects now: 2300.
Total: 2.586700 ms (FindLiveObjects: 0.248900 ms CreateObjectMapping: 0.126500 ms MarkObjects: 2.094400 ms  DeleteObjects: 0.115600 ms)

========================================================================
Received Prepare
Registering precompiled user dll's ...
Registered in 0.000689 seconds.
Begin MonoManager ReloadAssembly
Native extension for WindowsStandalone target not found
Native extension for WebGL target not found
Refreshing native plugins compatible for Editor in 0.43 ms, found 1 plugins.
Preloading 0 native plugins for Editor in 0.00 ms.
Mono: successfully reloaded assembly
- Completed reload, in  0.862 seconds
Platform modules already initialized, skipping
Refreshing native plugins compatible for Editor in 0.30 ms, found 1 plugins.
Preloading 0 native plugins for Editor in 0.00 ms.
Unloading 1806 Unused Serialized files (Serialized files now loaded: 0)
System memory in use before: 88.2 MB.
System memory in use after: 88.2 MB.

Unloading 12 unused Assets to reduce memory usage. Loaded Objects now: 2304.
Total: 3.737400 ms (FindLiveObjects: 0.478100 ms CreateObjectMapping: 0.363400 ms MarkObjects: 2.751000 ms  DeleteObjects: 0.141600 ms)

========================================================================
Received Import Request.
  Time since last request: 24.369000 seconds.
  path: Assets/Prefabs/Monster1.prefab
  artifactKey: Guid(d140fdc7e5196bf4b8db543a0db12918) Importer(815301076,1909f56bfc062723c751e8b465ee728b)
Start importing Assets/Prefabs/Monster1.prefab using Guid(d140fdc7e5196bf4b8db543a0db12918) Importer(815301076,1909f56bfc062723c751e8b465ee728b)  -> (artifact id: '691ceafc36aea703abf1f94d696a341d') in 0.059250 seconds
  Import took 0.062984 seconds .

========================================================================
Received Import Request.
  Time since last request: 11.550011 seconds.
  path: Assets/Prefabs/Monster1.prefab
  artifactKey: Guid(d140fdc7e5196bf4b8db543a0db12918) Importer(815301076,1909f56bfc062723c751e8b465ee728b)
Start importing Assets/Prefabs/Monster1.prefab using Guid(d140fdc7e5196bf4b8db543a0db12918) Importer(815301076,1909f56bfc062723c751e8b465ee728b)  -> (artifact id: '01e865aceb73f9ddaa59faa0e9ae6f20') in 0.012786 seconds
  Import took 0.017129 seconds .

========================================================================
Received Prepare
Registering precompiled user dll's ...
Registered in 0.000797 seconds.
Begin MonoManager ReloadAssembly
Native extension for WindowsStandalone target not found
Native extension for WebGL target not found
Refreshing native plugins compatible for Editor in 0.55 ms, found 1 plugins.
Preloading 0 native plugins for Editor in 0.00 ms.
Mono: successfully reloaded assembly
- Completed reload, in  0.809 seconds
Platform modules already initialized, skipping
Refreshing native plugins compatible for Editor in 0.35 ms, found 1 plugins.
Preloading 0 native plugins for Editor in 0.00 ms.
Unloading 1806 Unused Serialized files (Serialized files now loaded: 0)
System memory in use before: 88.2 MB.
System memory in use after: 88.2 MB.

Unloading 12 unused Assets to reduce memory usage. Loaded Objects now: 2309.
Total: 3.071100 ms (FindLiveObjects: 0.186800 ms CreateObjectMapping: 0.066600 ms MarkObjects: 2.707700 ms  DeleteObjects: 0.108800 ms)

========================================================================
Received Import Request.
  Time since last request: 12.368153 seconds.
  path: Assets/Prefabs/Monster1.prefab
  artifactKey: Guid(d140fdc7e5196bf4b8db543a0db12918) Importer(815301076,1909f56bfc062723c751e8b465ee728b)
Start importing Assets/Prefabs/Monster1.prefab using Guid(d140fdc7e5196bf4b8db543a0db12918) Importer(815301076,1909f56bfc062723c751e8b465ee728b)  -> (artifact id: '2356a32126fe80299f4b0b9ee0a6a221') in 0.058680 seconds
  Import took 0.062367 seconds .

========================================================================
Received Prepare
Registering precompiled user dll's ...
Registered in 0.000716 seconds.
Begin MonoManager ReloadAssembly
Native extension for WindowsStandalone target not found
Native extension for WebGL target not found
Refreshing native plugins compatible for Editor in 0.31 ms, found 1 plugins.
Preloading 0 native plugins for Editor in 0.00 ms.
Mono: successfully reloaded assembly
- Completed reload, in  0.739 seconds
Platform modules already initialized, skipping
Refreshing native plugins compatible for Editor in 0.33 ms, found 1 plugins.
Preloading 0 native plugins for Editor in 0.00 ms.
Unloading 1806 Unused Serialized files (Serialized files now loaded: 0)
System memory in use before: 88.2 MB.
System memory in use after: 88.2 MB.

Unloading 12 unused Assets to reduce memory usage. Loaded Objects now: 2314.
Total: 1.753800 ms (FindLiveObjects: 0.157300 ms CreateObjectMapping: 0.050400 ms MarkObjects: 1.461400 ms  DeleteObjects: 0.083900 ms)

========================================================================
Received Import Request.
  Time since last request: 106.562190 seconds.
  path: Assets/Scripts
  artifactKey: Guid(fa330344ef5ac5641a710d8446192307) Importer(815301076,1909f56bfc062723c751e8b465ee728b)
Start importing Assets/Scripts using Guid(fa330344ef5ac5641a710d8446192307) Importer(815301076,1909f56bfc062723c751e8b465ee728b)  -> (artifact id: '4b2657a071478f987fac800eb40619c4') in 0.011137 seconds
  Import took 0.014702 seconds .

========================================================================
Received Import Request.
  Time since last request: 0.000774 seconds.
  path: Assets/Scripts
  artifactKey: Guid(fa330344ef5ac5641a710d8446192307) Importer(815301076,1909f56bfc062723c751e8b465ee728b)
Start importing Assets/Scripts using Guid(fa330344ef5ac5641a710d8446192307) Importer(815301076,1909f56bfc062723c751e8b465ee728b)  -> (artifact id: '4b2657a071478f987fac800eb40619c4') in 0.002502 seconds
  Import took 0.005867 seconds .

========================================================================
Received Import Request.
  Time since last request: 10.204142 seconds.
  path: Assets/Scripts/MoveToPlayerController.cs
  artifactKey: Guid(f72beba8fd1c1c546843bea3c5565feb) Importer(815301076,1909f56bfc062723c751e8b465ee728b)
Start importing Assets/Scripts/MoveToPlayerController.cs using Guid(f72beba8fd1c1c546843bea3c5565feb) Importer(815301076,1909f56bfc062723c751e8b465ee728b)  -> (artifact id: '2cf9b440f6fc08542c64a9dfddd94b9b') in 0.010517 seconds
  Import took 0.014283 seconds .

========================================================================
Received Prepare
Registering precompiled user dll's ...
Registered in 0.001085 seconds.
Begin MonoManager ReloadAssembly
Native extension for WindowsStandalone target not found
Native extension for WebGL target not found
Refreshing native plugins compatible for Editor in 0.34 ms, found 1 plugins.
Preloading 0 native plugins for Editor in 0.00 ms.
Mono: successfully reloaded assembly
- Completed reload, in  0.963 seconds
Platform modules already initialized, skipping
Refreshing native plugins compatible for Editor in 0.36 ms, found 1 plugins.
Preloading 0 native plugins for Editor in 0.00 ms.
Unloading 1807 Unused Serialized files (Serialized files now loaded: 0)
System memory in use before: 88.2 MB.
System memory in use after: 88.2 MB.

Unloading 12 unused Assets to reduce memory usage. Loaded Objects now: 2319.
Total: 2.215400 ms (FindLiveObjects: 0.266600 ms CreateObjectMapping: 0.079600 ms MarkObjects: 1.669100 ms  DeleteObjects: 0.198800 ms)

========================================================================
Received Prepare
Registering precompiled user dll's ...
Registered in 0.000966 seconds.
Begin MonoManager ReloadAssembly
Native extension for WindowsStandalone target not found
Native extension for WebGL target not found
Refreshing native plugins compatible for Editor in 0.46 ms, found 1 plugins.
Preloading 0 native plugins for Editor in 0.00 ms.
Mono: successfully reloaded assembly
- Completed reload, in  0.841 seconds
Platform modules already initialized, skipping
Refreshing native plugins compatible for Editor in 0.34 ms, found 1 plugins.
Preloading 0 native plugins for Editor in 0.00 ms.
Unloading 1807 Unused Serialized files (Serialized files now loaded: 0)
System memory in use before: 88.3 MB.
System memory in use after: 88.2 MB.

Unloading 12 unused Assets to reduce memory usage. Loaded Objects now: 2323.
Total: 1.986100 ms (FindLiveObjects: 0.261300 ms CreateObjectMapping: 0.154400 ms MarkObjects: 1.480200 ms  DeleteObjects: 0.089400 ms)

========================================================================
Received Import Request.
  Time since last request: 95.945746 seconds.
  path: Assets/Scripts/MoveToPlayerController.cs
  artifactKey: Guid(f72beba8fd1c1c546843bea3c5565feb) Importer(815301076,1909f56bfc062723c751e8b465ee728b)
Start importing Assets/Scripts/MoveToPlayerController.cs using Guid(f72beba8fd1c1c546843bea3c5565feb) Importer(815301076,1909f56bfc062723c751e8b465ee728b)  -> (artifact id: 'c5e71c5560e7849fd0870ab6c51edba6') in 0.004623 seconds
  Import took 0.008720 seconds .

========================================================================
Received Import Request.
  Time since last request: 13.564083 seconds.
  path: Assets/Prefabs/Player.prefab
  artifactKey: Guid(bf39f0fa0d6ceb14fa3889f90d96e01b) Importer(815301076,1909f56bfc062723c751e8b465ee728b)
Start importing Assets/Prefabs/Player.prefab using Guid(bf39f0fa0d6ceb14fa3889f90d96e01b) Importer(815301076,1909f56bfc062723c751e8b465ee728b)  -> (artifact id: '4ef1a06c7ffdca348611434ff4087573') in 0.108864 seconds
  Import took 0.112803 seconds .

========================================================================
Received Import Request.
  Time since last request: 24.826100 seconds.
  path: Assets/Prefabs/Player.prefab
  artifactKey: Guid(bf39f0fa0d6ceb14fa3889f90d96e01b) Importer(815301076,1909f56bfc062723c751e8b465ee728b)
Start importing Assets/Prefabs/Player.prefab using Guid(bf39f0fa0d6ceb14fa3889f90d96e01b) Importer(815301076,1909f56bfc062723c751e8b465ee728b)  -> (artifact id: 'd70112319eee80c0777cc7d2ed34c890') in 0.014153 seconds
  Import took 0.017875 seconds .

========================================================================
Received Prepare
Registering precompiled user dll's ...
Registered in 0.000879 seconds.
Begin MonoManager ReloadAssembly
Native extension for WindowsStandalone target not found
Native extension for WebGL target not found
Refreshing native plugins compatible for Editor in 0.36 ms, found 1 plugins.
Preloading 0 native plugins for Editor in 0.00 ms.
Mono: successfully reloaded assembly
- Completed reload, in  0.845 seconds
Platform modules already initialized, skipping
Refreshing native plugins compatible for Editor in 0.53 ms, found 1 plugins.
Preloading 0 native plugins for Editor in 0.00 ms.
Unloading 1807 Unused Serialized files (Serialized files now loaded: 0)
System memory in use before: 88.3 MB.
System memory in use after: 88.3 MB.

Unloading 12 unused Assets to reduce memory usage. Loaded Objects now: 2328.
Total: 2.956000 ms (FindLiveObjects: 0.452700 ms CreateObjectMapping: 0.179700 ms MarkObjects: 2.222200 ms  DeleteObjects: 0.100000 ms)

========================================================================
Received Prepare
Registering precompiled user dll's ...
Registered in 0.000733 seconds.
Begin MonoManager ReloadAssembly
Native extension for WindowsStandalone target not found
Native extension for WebGL target not found
Refreshing native plugins compatible for Editor in 0.34 ms, found 1 plugins.
Preloading 0 native plugins for Editor in 0.00 ms.
Mono: successfully reloaded assembly
- Completed reload, in  0.793 seconds
Platform modules already initialized, skipping
Refreshing native plugins compatible for Editor in 0.32 ms, found 1 plugins.
Preloading 0 native plugins for Editor in 0.00 ms.
Unloading 1807 Unused Serialized files (Serialized files now loaded: 0)
System memory in use before: 88.3 MB.
System memory in use after: 88.3 MB.

Unloading 12 unused Assets to reduce memory usage. Loaded Objects now: 2332.
Total: 3.002600 ms (FindLiveObjects: 0.479900 ms CreateObjectMapping: 0.113600 ms MarkObjects: 2.257600 ms  DeleteObjects: 0.150000 ms)

========================================================================
Received Prepare
Registering precompiled user dll's ...
Registered in 0.000650 seconds.
Begin MonoManager ReloadAssembly
Native extension for WindowsStandalone target not found
Native extension for WebGL target not found
Refreshing native plugins compatible for Editor in 0.36 ms, found 1 plugins.
Preloading 0 native plugins for Editor in 0.00 ms.
Mono: successfully reloaded assembly
- Completed reload, in  0.810 seconds
Platform modules already initialized, skipping
Refreshing native plugins compatible for Editor in 0.33 ms, found 1 plugins.
Preloading 0 native plugins for Editor in 0.00 ms.
Unloading 1807 Unused Serialized files (Serialized files now loaded: 0)
System memory in use before: 88.3 MB.
System memory in use after: 88.3 MB.

Unloading 12 unused Assets to reduce memory usage. Loaded Objects now: 2336.
Total: 1.988800 ms (FindLiveObjects: 0.245200 ms CreateObjectMapping: 0.085400 ms MarkObjects: 1.522200 ms  DeleteObjects: 0.134900 ms)

========================================================================
Received Prepare
Registering precompiled user dll's ...
Registered in 0.000749 seconds.
Begin MonoManager ReloadAssembly
Native extension for WindowsStandalone target not found
Native extension for WebGL target not found
Refreshing native plugins compatible for Editor in 0.29 ms, found 1 plugins.
Preloading 0 native plugins for Editor in 0.00 ms.
Mono: successfully reloaded assembly
- Completed reload, in  0.746 seconds
Platform modules already initialized, skipping
Refreshing native plugins compatible for Editor in 0.34 ms, found 1 plugins.
Preloading 0 native plugins for Editor in 0.00 ms.
Unloading 1807 Unused Serialized files (Serialized files now loaded: 0)
System memory in use before: 88.3 MB.
System memory in use after: 88.3 MB.

Unloading 12 unused Assets to reduce memory usage. Loaded Objects now: 2340.
Total: 2.678800 ms (FindLiveObjects: 0.284700 ms CreateObjectMapping: 0.188300 ms MarkObjects: 2.035200 ms  DeleteObjects: 0.169800 ms)

========================================================================
Received Import Request.
  Time since last request: 802.077245 seconds.
  path: Assets/Scripts/BorderCollision.cs
  artifactKey: Guid(01664b931d9e2b842b5294db6c29b8c6) Importer(815301076,1909f56bfc062723c751e8b465ee728b)
Start importing Assets/Scripts/BorderCollision.cs using Guid(01664b931d9e2b842b5294db6c29b8c6) Importer(815301076,1909f56bfc062723c751e8b465ee728b)  -> (artifact id: '67aff132a4f31770b0230de9a1e6d4bf') in 0.012059 seconds
  Import took 0.016638 seconds .

========================================================================
Received Prepare
Registering precompiled user dll's ...
Registered in 0.000957 seconds.
Begin MonoManager ReloadAssembly
Native extension for WindowsStandalone target not found
Native extension for WebGL target not found
Refreshing native plugins compatible for Editor in 0.43 ms, found 1 plugins.
Preloading 0 native plugins for Editor in 0.00 ms.
Mono: successfully reloaded assembly
- Completed reload, in  0.982 seconds
Platform modules already initialized, skipping
Refreshing native plugins compatible for Editor in 0.37 ms, found 1 plugins.
Preloading 0 native plugins for Editor in 0.00 ms.
Unloading 1808 Unused Serialized files (Serialized files now loaded: 0)
System memory in use before: 88.3 MB.
System memory in use after: 88.3 MB.

Unloading 12 unused Assets to reduce memory usage. Loaded Objects now: 2345.
Total: 2.282700 ms (FindLiveObjects: 0.197700 ms CreateObjectMapping: 0.070100 ms MarkObjects: 1.903600 ms  DeleteObjects: 0.110300 ms)

========================================================================
Received Prepare
Registering precompiled user dll's ...
Registered in 0.000925 seconds.
Begin MonoManager ReloadAssembly
Native extension for WindowsStandalone target not found
Native extension for WebGL target not found
Refreshing native plugins compatible for Editor in 0.30 ms, found 1 plugins.
Preloading 0 native plugins for Editor in 0.00 ms.
Mono: successfully reloaded assembly
- Completed reload, in  0.790 seconds
Platform modules already initialized, skipping
Refreshing native plugins compatible for Editor in 0.34 ms, found 1 plugins.
Preloading 0 native plugins for Editor in 0.00 ms.
Unloading 1808 Unused Serialized files (Serialized files now loaded: 0)
System memory in use before: 88.3 MB.
System memory in use after: 88.3 MB.

Unloading 12 unused Assets to reduce memory usage. Loaded Objects now: 2349.
Total: 2.411900 ms (FindLiveObjects: 0.261500 ms CreateObjectMapping: 0.080400 ms MarkObjects: 1.971300 ms  DeleteObjects: 0.097700 ms)

========================================================================
Received Import Request.
  Time since last request: 98.337663 seconds.
  path: Assets/Scripts/BorderCollision.cs
  artifactKey: Guid(01664b931d9e2b842b5294db6c29b8c6) Importer(815301076,1909f56bfc062723c751e8b465ee728b)
Start importing Assets/Scripts/BorderCollision.cs using Guid(01664b931d9e2b842b5294db6c29b8c6) Importer(815301076,1909f56bfc062723c751e8b465ee728b)  -> (artifact id: '149bc2564d2cb1ebe0fbc048f12c52d9') in 0.004258 seconds
  Import took 0.007651 seconds .

========================================================================
Received Prepare
Registering precompiled user dll's ...
Registered in 0.000699 seconds.
Begin MonoManager ReloadAssembly
Native extension for WindowsStandalone target not found
Native extension for WebGL target not found
Refreshing native plugins compatible for Editor in 0.32 ms, found 1 plugins.
Preloading 0 native plugins for Editor in 0.00 ms.
Mono: successfully reloaded assembly
- Completed reload, in  0.756 seconds
Platform modules already initialized, skipping
Refreshing native plugins compatible for Editor in 0.33 ms, found 1 plugins.
Preloading 0 native plugins for Editor in 0.00 ms.
Unloading 1808 Unused Serialized files (Serialized files now loaded: 0)
System memory in use before: 88.3 MB.
System memory in use after: 88.3 MB.

Unloading 12 unused Assets to reduce memory usage. Loaded Objects now: 2353.
Total: 2.430400 ms (FindLiveObjects: 0.264900 ms CreateObjectMapping: 0.278500 ms MarkObjects: 1.802300 ms  DeleteObjects: 0.084000 ms)

========================================================================
Received Prepare
Registering precompiled user dll's ...
Registered in 0.000799 seconds.
Begin MonoManager ReloadAssembly
Native extension for WindowsStandalone target not found
Native extension for WebGL target not found
Refreshing native plugins compatible for Editor in 0.33 ms, found 1 plugins.
Preloading 0 native plugins for Editor in 0.00 ms.
Mono: successfully reloaded assembly
- Completed reload, in  0.814 seconds
Platform modules already initialized, skipping
Refreshing native plugins compatible for Editor in 0.43 ms, found 1 plugins.
Preloading 0 native plugins for Editor in 0.00 ms.
Unloading 1808 Unused Serialized files (Serialized files now loaded: 0)
System memory in use before: 88.4 MB.
System memory in use after: 88.3 MB.

Unloading 12 unused Assets to reduce memory usage. Loaded Objects now: 2357.
Total: 2.231100 ms (FindLiveObjects: 0.252800 ms CreateObjectMapping: 0.072500 ms MarkObjects: 1.806600 ms  DeleteObjects: 0.097800 ms)

========================================================================
Received Prepare
Registering precompiled user dll's ...
Registered in 0.000837 seconds.
Begin MonoManager ReloadAssembly
Native extension for WindowsStandalone target not found
Native extension for WebGL target not found
Refreshing native plugins compatible for Editor in 0.35 ms, found 1 plugins.
Preloading 0 native plugins for Editor in 0.00 ms.
Mono: successfully reloaded assembly
- Completed reload, in  0.830 seconds
Platform modules already initialized, skipping
Refreshing native plugins compatible for Editor in 0.36 ms, found 1 plugins.
Preloading 0 native plugins for Editor in 0.00 ms.
Unloading 1808 Unused Serialized files (Serialized files now loaded: 0)
System memory in use before: 88.4 MB.
System memory in use after: 88.3 MB.

Unloading 12 unused Assets to reduce memory usage. Loaded Objects now: 2361.
Total: 2.906200 ms (FindLiveObjects: 0.567800 ms CreateObjectMapping: 0.344300 ms MarkObjects: 1.891300 ms  DeleteObjects: 0.101200 ms)

========================================================================
Received Prepare
Registering precompiled user dll's ...
Registered in 0.000735 seconds.
Begin MonoManager ReloadAssembly
Native extension for WindowsStandalone target not found
Native extension for WebGL target not found
Refreshing native plugins compatible for Editor in 0.42 ms, found 1 plugins.
Preloading 0 native plugins for Editor in 0.00 ms.
Mono: successfully reloaded assembly
- Completed reload, in  0.868 seconds
Platform modules already initialized, skipping
Refreshing native plugins compatible for Editor in 0.38 ms, found 1 plugins.
Preloading 0 native plugins for Editor in 0.00 ms.
Unloading 1808 Unused Serialized files (Serialized files now loaded: 0)
System memory in use before: 88.4 MB.
System memory in use after: 88.4 MB.

Unloading 12 unused Assets to reduce memory usage. Loaded Objects now: 2365.
Total: 2.624500 ms (FindLiveObjects: 0.383700 ms CreateObjectMapping: 0.082800 ms MarkObjects: 2.044800 ms  DeleteObjects: 0.112000 ms)

========================================================================
Received Prepare
Registering precompiled user dll's ...
Registered in 0.001045 seconds.
Begin MonoManager ReloadAssembly
Native extension for WindowsStandalone target not found
Native extension for WebGL target not found
Refreshing native plugins compatible for Editor in 0.33 ms, found 1 plugins.
Preloading 0 native plugins for Editor in 0.00 ms.
Mono: successfully reloaded assembly
- Completed reload, in  0.836 seconds
Platform modules already initialized, skipping
Refreshing native plugins compatible for Editor in 0.32 ms, found 1 plugins.
Preloading 0 native plugins for Editor in 0.00 ms.
Unloading 1808 Unused Serialized files (Serialized files now loaded: 0)
System memory in use before: 88.4 MB.
System memory in use after: 88.4 MB.

Unloading 12 unused Assets to reduce memory usage. Loaded Objects now: 2369.
Total: 4.760800 ms (FindLiveObjects: 0.503300 ms CreateObjectMapping: 0.275900 ms MarkObjects: 3.854100 ms  DeleteObjects: 0.125000 ms)

========================================================================
Received Prepare
Registering precompiled user dll's ...
Registered in 0.000950 seconds.
Begin MonoManager ReloadAssembly
Native extension for WindowsStandalone target not found
Native extension for WebGL target not found
Refreshing native plugins compatible for Editor in 0.39 ms, found 1 plugins.
Preloading 0 native plugins for Editor in 0.00 ms.
Mono: successfully reloaded assembly
- Completed reload, in  0.772 seconds
Platform modules already initialized, skipping
Refreshing native plugins compatible for Editor in 0.35 ms, found 1 plugins.
Preloading 0 native plugins for Editor in 0.00 ms.
Unloading 1808 Unused Serialized files (Serialized files now loaded: 0)
System memory in use before: 88.4 MB.
System memory in use after: 88.4 MB.

Unloading 12 unused Assets to reduce memory usage. Loaded Objects now: 2373.
Total: 2.930800 ms (FindLiveObjects: 0.270300 ms CreateObjectMapping: 0.089500 ms MarkObjects: 2.340300 ms  DeleteObjects: 0.229800 ms)

========================================================================
Received Prepare
Registering precompiled user dll's ...
Registered in 0.000549 seconds.
Begin MonoManager ReloadAssembly
Native extension for WindowsStandalone target not found
Native extension for WebGL target not found
Refreshing native plugins compatible for Editor in 0.40 ms, found 1 plugins.
Preloading 0 native plugins for Editor in 0.00 ms.
Mono: successfully reloaded assembly
- Completed reload, in  0.877 seconds
Platform modules already initialized, skipping
Refreshing native plugins compatible for Editor in 0.35 ms, found 1 plugins.
Preloading 0 native plugins for Editor in 0.00 ms.
Unloading 1808 Unused Serialized files (Serialized files now loaded: 0)
System memory in use before: 88.4 MB.
System memory in use after: 88.4 MB.

Unloading 12 unused Assets to reduce memory usage. Loaded Objects now: 2377.
Total: 2.053900 ms (FindLiveObjects: 0.205000 ms CreateObjectMapping: 0.077800 ms MarkObjects: 1.670800 ms  DeleteObjects: 0.099200 ms)

========================================================================
Received Prepare
Registering precompiled user dll's ...
Registered in 0.000589 seconds.
Begin MonoManager ReloadAssembly
Native extension for WindowsStandalone target not found
Native extension for WebGL target not found
Refreshing native plugins compatible for Editor in 0.31 ms, found 1 plugins.
Preloading 0 native plugins for Editor in 0.00 ms.
Mono: successfully reloaded assembly
- Completed reload, in  0.818 seconds
Platform modules already initialized, skipping
Refreshing native plugins compatible for Editor in 0.34 ms, found 1 plugins.
Preloading 0 native plugins for Editor in 0.00 ms.
Unloading 1808 Unused Serialized files (Serialized files now loaded: 0)
System memory in use before: 88.4 MB.
System memory in use after: 88.4 MB.

Unloading 12 unused Assets to reduce memory usage. Loaded Objects now: 2381.
Total: 2.627900 ms (FindLiveObjects: 0.263600 ms CreateObjectMapping: 0.082000 ms MarkObjects: 2.165000 ms  DeleteObjects: 0.115500 ms)

========================================================================
Received Prepare
Registering precompiled user dll's ...
Registered in 0.000670 seconds.
Begin MonoManager ReloadAssembly
Native extension for WindowsStandalone target not found
Native extension for WebGL target not found
Refreshing native plugins compatible for Editor in 0.34 ms, found 1 plugins.
Preloading 0 native plugins for Editor in 0.00 ms.
Mono: successfully reloaded assembly
- Completed reload, in  0.784 seconds
Platform modules already initialized, skipping
Refreshing native plugins compatible for Editor in 0.33 ms, found 1 plugins.
Preloading 0 native plugins for Editor in 0.00 ms.
Unloading 1808 Unused Serialized files (Serialized files now loaded: 0)
System memory in use before: 88.4 MB.
System memory in use after: 88.4 MB.

Unloading 12 unused Assets to reduce memory usage. Loaded Objects now: 2385.
Total: 2.210500 ms (FindLiveObjects: 0.379200 ms CreateObjectMapping: 0.106800 ms MarkObjects: 1.589900 ms  DeleteObjects: 0.132300 ms)

========================================================================
Received Prepare
Registering precompiled user dll's ...
Registered in 0.000819 seconds.
Begin MonoManager ReloadAssembly
Native extension for WindowsStandalone target not found
Native extension for WebGL target not found
Refreshing native plugins compatible for Editor in 0.30 ms, found 1 plugins.
Preloading 0 native plugins for Editor in 0.00 ms.
Mono: successfully reloaded assembly
- Completed reload, in  0.820 seconds
Platform modules already initialized, skipping
Refreshing native plugins compatible for Editor in 0.41 ms, found 1 plugins.
Preloading 0 native plugins for Editor in 0.00 ms.
Unloading 1808 Unused Serialized files (Serialized files now loaded: 0)
System memory in use before: 88.4 MB.
System memory in use after: 88.4 MB.

Unloading 12 unused Assets to reduce memory usage. Loaded Objects now: 2389.
Total: 1.906400 ms (FindLiveObjects: 0.330500 ms CreateObjectMapping: 0.078400 ms MarkObjects: 1.403600 ms  DeleteObjects: 0.092900 ms)

========================================================================
Received Prepare
Registering precompiled user dll's ...
Registered in 0.000659 seconds.
Begin MonoManager ReloadAssembly
Native extension for WindowsStandalone target not found
Native extension for WebGL target not found
Refreshing native plugins compatible for Editor in 0.35 ms, found 1 plugins.
Preloading 0 native plugins for Editor in 0.00 ms.
Mono: successfully reloaded assembly
- Completed reload, in  0.881 seconds
Platform modules already initialized, skipping
Refreshing native plugins compatible for Editor in 0.31 ms, found 1 plugins.
Preloading 0 native plugins for Editor in 0.00 ms.
Unloading 1808 Unused Serialized files (Serialized files now loaded: 0)
System memory in use before: 88.4 MB.
System memory in use after: 88.4 MB.

Unloading 12 unused Assets to reduce memory usage. Loaded Objects now: 2393.
Total: 2.368300 ms (FindLiveObjects: 0.385300 ms CreateObjectMapping: 0.072700 ms MarkObjects: 1.808600 ms  DeleteObjects: 0.100400 ms)

========================================================================
Received Prepare
Registering precompiled user dll's ...
Registered in 0.000607 seconds.
Begin MonoManager ReloadAssembly
Native extension for WindowsStandalone target not found
Native extension for WebGL target not found
Refreshing native plugins compatible for Editor in 0.38 ms, found 1 plugins.
Preloading 0 native plugins for Editor in 0.00 ms.
Mono: successfully reloaded assembly
- Completed reload, in  0.806 seconds
Platform modules already initialized, skipping
Refreshing native plugins compatible for Editor in 0.36 ms, found 1 plugins.
Preloading 0 native plugins for Editor in 0.00 ms.
Unloading 1808 Unused Serialized files (Serialized files now loaded: 0)
System memory in use before: 88.4 MB.
System memory in use after: 88.4 MB.

Unloading 12 unused Assets to reduce memory usage. Loaded Objects now: 2397.
Total: 1.962900 ms (FindLiveObjects: 0.293200 ms CreateObjectMapping: 0.072100 ms MarkObjects: 1.493900 ms  DeleteObjects: 0.100500 ms)

========================================================================
Received Import Request.
  Time since last request: 1341.471778 seconds.
  path: ProjectSettings/TagManager.asset
  artifactKey: Guid(00000000000000003000000000000000) Importer(815301076,1909f56bfc062723c751e8b465ee728b)
Start importing ProjectSettings/TagManager.asset using Guid(00000000000000003000000000000000) Importer(815301076,1909f56bfc062723c751e8b465ee728b)  -> (artifact id: '5ff736e781c9396eb3a9ebe5d00f0cbb') in 0.018783 seconds
  Import took 0.022021 seconds .

========================================================================
Received Import Request.
  Time since last request: 0.000907 seconds.
  path: ProjectSettings/TagManager.asset
  artifactKey: Guid(00000000000000003000000000000000) Importer(815301076,1909f56bfc062723c751e8b465ee728b)
Start importing ProjectSettings/TagManager.asset using Guid(00000000000000003000000000000000) Importer(815301076,1909f56bfc062723c751e8b465ee728b)  -> (artifact id: '5ff736e781c9396eb3a9ebe5d00f0cbb') in 0.002641 seconds
  Import took 0.006134 seconds .

========================================================================
Received Import Request.
  Time since last request: 58.127608 seconds.
  path: ProjectSettings/TagManager.asset
  artifactKey: Guid(00000000000000003000000000000000) Importer(815301076,1909f56bfc062723c751e8b465ee728b)
Start importing ProjectSettings/TagManager.asset using Guid(00000000000000003000000000000000) Importer(815301076,1909f56bfc062723c751e8b465ee728b)  -> (artifact id: 'cd2503483eeefa4264cf4830027359f1') in 0.002300 seconds
  Import took 0.005690 seconds .

========================================================================
Received Import Request.
  Time since last request: 66.512147 seconds.
  path: Assets/Prefabs/BulletPlayer.prefab
  artifactKey: Guid(66931563cda3d7a4c972a5f1aa4130f7) Importer(815301076,1909f56bfc062723c751e8b465ee728b)
Start importing Assets/Prefabs/BulletPlayer.prefab using Guid(66931563cda3d7a4c972a5f1aa4130f7) Importer(815301076,1909f56bfc062723c751e8b465ee728b)  -> (artifact id: 'e7f9ee4c858412bec6d01a08577995d0') in 0.065609 seconds
  Import took 0.068971 seconds .

========================================================================
Received Import Request.
  Time since last request: 3.726261 seconds.
  path: Assets/Prefabs/BulletPlayer.prefab
  artifactKey: Guid(66931563cda3d7a4c972a5f1aa4130f7) Importer(815301076,1909f56bfc062723c751e8b465ee728b)
Start importing Assets/Prefabs/BulletPlayer.prefab using Guid(66931563cda3d7a4c972a5f1aa4130f7) Importer(815301076,1909f56bfc062723c751e8b465ee728b)  -> (artifact id: '0a6577fb316ab5f50d11a0eda2531906') in 0.011959 seconds
  Import took 0.015880 seconds .

========================================================================
Received Import Request.
  Time since last request: 10.723519 seconds.
  path: Assets/Prefabs/BulletMonster2.prefab
  artifactKey: Guid(57800e3fcab44e647adcd1dc4958f85e) Importer(815301076,1909f56bfc062723c751e8b465ee728b)
Start importing Assets/Prefabs/BulletMonster2.prefab using Guid(57800e3fcab44e647adcd1dc4958f85e) Importer(815301076,1909f56bfc062723c751e8b465ee728b)  -> (artifact id: 'f4a16833d8fd60e2401d6891ce98fc14') in 0.019571 seconds
  Import took 0.022947 seconds .

========================================================================
Received Import Request.
  Time since last request: 2.023810 seconds.
  path: Assets/Prefabs/BulletMonster1.prefab
  artifactKey: Guid(41225f80f9c452f48aeb271ad99cfa51) Importer(815301076,1909f56bfc062723c751e8b465ee728b)
Start importing Assets/Prefabs/BulletMonster1.prefab using Guid(41225f80f9c452f48aeb271ad99cfa51) Importer(815301076,1909f56bfc062723c751e8b465ee728b)  -> (artifact id: '9afb8a3bfe7b758b75ceed3e242f365e') in 0.007243 seconds
  Import took 0.010523 seconds .

========================================================================
Received Import Request.
  Time since last request: 27.804423 seconds.
  path: Assets/Scripts/CollisionPlayerBulletController.cs
  artifactKey: Guid(4c0b918211ecde245aa2cc4dcf31a07b) Importer(815301076,1909f56bfc062723c751e8b465ee728b)
Start importing Assets/Scripts/CollisionPlayerBulletController.cs using Guid(4c0b918211ecde245aa2cc4dcf31a07b) Importer(815301076,1909f56bfc062723c751e8b465ee728b)  -> (artifact id: 'f85bb017bdd852d3ffe6fce40aa8f6e3') in 0.009718 seconds
  Import took 0.013503 seconds .

========================================================================
Received Prepare
Registering precompiled user dll's ...
Registered in 0.000791 seconds.
Begin MonoManager ReloadAssembly
Native extension for WindowsStandalone target not found
Native extension for WebGL target not found
Refreshing native plugins compatible for Editor in 0.30 ms, found 1 plugins.
Preloading 0 native plugins for Editor in 0.00 ms.
Mono: successfully reloaded assembly
- Completed reload, in  0.819 seconds
Platform modules already initialized, skipping
Refreshing native plugins compatible for Editor in 0.61 ms, found 1 plugins.
Preloading 0 native plugins for Editor in 0.00 ms.
Unloading 1809 Unused Serialized files (Serialized files now loaded: 0)
System memory in use before: 88.5 MB.
System memory in use after: 88.5 MB.

Unloading 15 unused Assets to reduce memory usage. Loaded Objects now: 2403.
Total: 2.560600 ms (FindLiveObjects: 0.232800 ms CreateObjectMapping: 0.065300 ms MarkObjects: 2.141500 ms  DeleteObjects: 0.120200 ms)

========================================================================
Received Prepare
Registering precompiled user dll's ...
Registered in 0.000972 seconds.
Begin MonoManager ReloadAssembly
Native extension for WindowsStandalone target not found
Native extension for WebGL target not found
Refreshing native plugins compatible for Editor in 0.38 ms, found 1 plugins.
Preloading 0 native plugins for Editor in 0.00 ms.
Mono: successfully reloaded assembly
- Completed reload, in  0.805 seconds
Platform modules already initialized, skipping
Refreshing native plugins compatible for Editor in 0.34 ms, found 1 plugins.
Preloading 0 native plugins for Editor in 0.00 ms.
Unloading 1809 Unused Serialized files (Serialized files now loaded: 0)
System memory in use before: 88.5 MB.
System memory in use after: 88.5 MB.

Unloading 12 unused Assets to reduce memory usage. Loaded Objects now: 2407.
Total: 2.329900 ms (FindLiveObjects: 0.231000 ms CreateObjectMapping: 0.080800 ms MarkObjects: 1.913500 ms  DeleteObjects: 0.103300 ms)

========================================================================
Received Import Request.
  Time since last request: 554.477556 seconds.
  path: Assets/Scripts/CollisionPlayerBulletController.cs
  artifactKey: Guid(4c0b918211ecde245aa2cc4dcf31a07b) Importer(815301076,1909f56bfc062723c751e8b465ee728b)
Start importing Assets/Scripts/CollisionPlayerBulletController.cs using Guid(4c0b918211ecde245aa2cc4dcf31a07b) Importer(815301076,1909f56bfc062723c751e8b465ee728b)  -> (artifact id: '579082af04a1dc880e11cc42178067f1') in 0.008553 seconds
  Import took 0.015221 seconds .

========================================================================
Received Prepare
Registering precompiled user dll's ...
Registered in 0.000925 seconds.
Begin MonoManager ReloadAssembly
Native extension for WindowsStandalone target not found
Native extension for WebGL target not found
Refreshing native plugins compatible for Editor in 0.36 ms, found 1 plugins.
Preloading 0 native plugins for Editor in 0.00 ms.
Mono: successfully reloaded assembly
- Completed reload, in  0.790 seconds
Platform modules already initialized, skipping
Refreshing native plugins compatible for Editor in 0.37 ms, found 1 plugins.
Preloading 0 native plugins for Editor in 0.00 ms.
Unloading 1809 Unused Serialized files (Serialized files now loaded: 0)
System memory in use before: 88.5 MB.
System memory in use after: 88.5 MB.

Unloading 12 unused Assets to reduce memory usage. Loaded Objects now: 2411.
Total: 2.150600 ms (FindLiveObjects: 0.242200 ms CreateObjectMapping: 0.096100 ms MarkObjects: 1.695200 ms  DeleteObjects: 0.116100 ms)

========================================================================
Received Import Request.
  Time since last request: 54.975691 seconds.
  path: Assets/Prefabs/BulletMonster2.prefab
  artifactKey: Guid(57800e3fcab44e647adcd1dc4958f85e) Importer(815301076,1909f56bfc062723c751e8b465ee728b)
Start importing Assets/Prefabs/BulletMonster2.prefab using Guid(57800e3fcab44e647adcd1dc4958f85e) Importer(815301076,1909f56bfc062723c751e8b465ee728b)  -> (artifact id: '76f4dd55962e40b5c3eb927f967bc348') in 0.054613 seconds
  Import took 0.057964 seconds .

========================================================================
Received Prepare
Registering precompiled user dll's ...
Registered in 0.000812 seconds.
Begin MonoManager ReloadAssembly
Native extension for WindowsStandalone target not found
Native extension for WebGL target not found
Refreshing native plugins compatible for Editor in 0.34 ms, found 1 plugins.
Preloading 0 native plugins for Editor in 0.00 ms.
Mono: successfully reloaded assembly
- Completed reload, in  0.784 seconds
Platform modules already initialized, skipping
Refreshing native plugins compatible for Editor in 0.33 ms, found 1 plugins.
Preloading 0 native plugins for Editor in 0.00 ms.
Unloading 1809 Unused Serialized files (Serialized files now loaded: 0)
System memory in use before: 88.5 MB.
System memory in use after: 88.5 MB.

Unloading 12 unused Assets to reduce memory usage. Loaded Objects now: 2416.
Total: 6.333100 ms (FindLiveObjects: 0.480900 ms CreateObjectMapping: 0.244700 ms MarkObjects: 5.315300 ms  DeleteObjects: 0.289000 ms)

========================================================================
Received Prepare
Registering precompiled user dll's ...
Registered in 0.000528 seconds.
Begin MonoManager ReloadAssembly
Native extension for WindowsStandalone target not found
Native extension for WebGL target not found
Refreshing native plugins compatible for Editor in 0.34 ms, found 1 plugins.
Preloading 0 native plugins for Editor in 0.00 ms.
Mono: successfully reloaded assembly
- Completed reload, in  0.840 seconds
Platform modules already initialized, skipping
Refreshing native plugins compatible for Editor in 0.33 ms, found 1 plugins.
Preloading 0 native plugins for Editor in 0.00 ms.
Unloading 1809 Unused Serialized files (Serialized files now loaded: 0)
System memory in use before: 88.5 MB.
System memory in use after: 88.5 MB.

Unloading 12 unused Assets to reduce memory usage. Loaded Objects now: 2420.
Total: 2.005400 ms (FindLiveObjects: 0.222000 ms CreateObjectMapping: 0.066300 ms MarkObjects: 1.629000 ms  DeleteObjects: 0.087100 ms)

========================================================================
Received Import Request.
  Time since last request: 75.166653 seconds.
  path: Assets/Prefabs/Player.prefab
  artifactKey: Guid(bf39f0fa0d6ceb14fa3889f90d96e01b) Importer(815301076,1909f56bfc062723c751e8b465ee728b)
Start importing Assets/Prefabs/Player.prefab using Guid(bf39f0fa0d6ceb14fa3889f90d96e01b) Importer(815301076,1909f56bfc062723c751e8b465ee728b)  -> (artifact id: 'acc94d60a5dabca8bdd5d8812df427d7') in 0.056742 seconds
  Import took 0.060943 seconds .

========================================================================
Received Import Request.
  Time since last request: 0.018781 seconds.
  path: Assets/Prefabs/Player.prefab
  artifactKey: Guid(bf39f0fa0d6ceb14fa3889f90d96e01b) Importer(815301076,1909f56bfc062723c751e8b465ee728b)
Start importing Assets/Prefabs/Player.prefab using Guid(bf39f0fa0d6ceb14fa3889f90d96e01b) Importer(815301076,1909f56bfc062723c751e8b465ee728b)  -> (artifact id: 'acc94d60a5dabca8bdd5d8812df427d7') in 0.015256 seconds
  Import took 0.018905 seconds .

========================================================================
Received Prepare
Registering precompiled user dll's ...
Registered in 0.000648 seconds.
Begin MonoManager ReloadAssembly
Native extension for WindowsStandalone target not found
Native extension for WebGL target not found
Refreshing native plugins compatible for Editor in 0.33 ms, found 1 plugins.
Preloading 0 native plugins for Editor in 0.00 ms.
Mono: successfully reloaded assembly
- Completed reload, in  0.814 seconds
Platform modules already initialized, skipping
Refreshing native plugins compatible for Editor in 0.34 ms, found 1 plugins.
Preloading 0 native plugins for Editor in 0.00 ms.
Unloading 1809 Unused Serialized files (Serialized files now loaded: 0)
System memory in use before: 88.5 MB.
System memory in use after: 88.5 MB.

Unloading 12 unused Assets to reduce memory usage. Loaded Objects now: 2425.
Total: 1.881100 ms (FindLiveObjects: 0.266000 ms CreateObjectMapping: 0.073200 ms MarkObjects: 1.435100 ms  DeleteObjects: 0.105700 ms)

========================================================================
Received Import Request.
  Time since last request: 1477.937640 seconds.
  path: Assets/Scripts/CollisionMonsterBullet.cs
  artifactKey: Guid(b41410352ed87b64abc0bd84a998e17e) Importer(815301076,1909f56bfc062723c751e8b465ee728b)
Start importing Assets/Scripts/CollisionMonsterBullet.cs using Guid(b41410352ed87b64abc0bd84a998e17e) Importer(815301076,1909f56bfc062723c751e8b465ee728b)  -> (artifact id: 'f57e253d45ded828db6f206993543659') in 0.013553 seconds
  Import took 0.017933 seconds .

========================================================================
Received Prepare
Registering precompiled user dll's ...
Registered in 0.000721 seconds.
Begin MonoManager ReloadAssembly
Native extension for WindowsStandalone target not found
Native extension for WebGL target not found
Refreshing native plugins compatible for Editor in 0.35 ms, found 1 plugins.
Preloading 0 native plugins for Editor in 0.00 ms.
Mono: successfully reloaded assembly
- Completed reload, in  0.828 seconds
Platform modules already initialized, skipping
Refreshing native plugins compatible for Editor in 0.49 ms, found 1 plugins.
Preloading 0 native plugins for Editor in 0.00 ms.
Unloading 1810 Unused Serialized files (Serialized files now loaded: 0)
System memory in use before: 88.6 MB.
System memory in use after: 88.5 MB.

Unloading 12 unused Assets to reduce memory usage. Loaded Objects now: 2430.
Total: 2.558700 ms (FindLiveObjects: 0.273900 ms CreateObjectMapping: 0.090100 ms MarkObjects: 2.031600 ms  DeleteObjects: 0.161600 ms)

========================================================================
Received Import Request.
  Time since last request: 13.477236 seconds.
  path: Assets/Prefabs/Monster1.prefab
  artifactKey: Guid(d140fdc7e5196bf4b8db543a0db12918) Importer(815301076,1909f56bfc062723c751e8b465ee728b)
Start importing Assets/Prefabs/Monster1.prefab using Guid(d140fdc7e5196bf4b8db543a0db12918) Importer(815301076,1909f56bfc062723c751e8b465ee728b)  -> (artifact id: '08b0494315849521d6f6b452549e87f1') in 0.059339 seconds
  Import took 0.062919 seconds .

========================================================================
Received Import Request.
  Time since last request: 3.627697 seconds.
  path: ProjectSettings/TagManager.asset
  artifactKey: Guid(00000000000000003000000000000000) Importer(815301076,1909f56bfc062723c751e8b465ee728b)
Start importing ProjectSettings/TagManager.asset using Guid(00000000000000003000000000000000) Importer(815301076,1909f56bfc062723c751e8b465ee728b)  -> (artifact id: 'e9927b9fcd65e9a2ca3d70cdce217a2d') in 0.008382 seconds
  Import took 0.011361 seconds .

========================================================================
Received Import Request.
  Time since last request: 0.001917 seconds.
  path: ProjectSettings/TagManager.asset
  artifactKey: Guid(00000000000000003000000000000000) Importer(815301076,1909f56bfc062723c751e8b465ee728b)
Start importing ProjectSettings/TagManager.asset using Guid(00000000000000003000000000000000) Importer(815301076,1909f56bfc062723c751e8b465ee728b)  -> (artifact id: 'e9927b9fcd65e9a2ca3d70cdce217a2d') in 0.002073 seconds
  Import took 0.005688 seconds .

========================================================================
Received Import Request.
  Time since last request: 12.171775 seconds.
  path: Assets/Prefabs/Monster1.prefab
  artifactKey: Guid(d140fdc7e5196bf4b8db543a0db12918) Importer(815301076,1909f56bfc062723c751e8b465ee728b)
Start importing Assets/Prefabs/Monster1.prefab using Guid(d140fdc7e5196bf4b8db543a0db12918) Importer(815301076,1909f56bfc062723c751e8b465ee728b)  -> (artifact id: '187ccb39fb20a52bb4672b82e12304b6') in 0.014167 seconds
  Import took 0.018012 seconds .

========================================================================
Received Import Request.
  Time since last request: 1.121693 seconds.
  path: Assets/Prefabs/Monster2.prefab
  artifactKey: Guid(e81b5830567d3004a87cf40439b012e3) Importer(815301076,1909f56bfc062723c751e8b465ee728b)
Start importing Assets/Prefabs/Monster2.prefab using Guid(e81b5830567d3004a87cf40439b012e3) Importer(815301076,1909f56bfc062723c751e8b465ee728b)  -> (artifact id: 'd7bb3d3e3cbc666b1ae1d02a4d651779') in 0.020701 seconds
  Import took 0.023804 seconds .

========================================================================
Received Import Request.
  Time since last request: 2.018346 seconds.
  path: Assets/Prefabs/Monster2.prefab
  artifactKey: Guid(e81b5830567d3004a87cf40439b012e3) Importer(815301076,1909f56bfc062723c751e8b465ee728b)
Start importing Assets/Prefabs/Monster2.prefab using Guid(e81b5830567d3004a87cf40439b012e3) Importer(815301076,1909f56bfc062723c751e8b465ee728b)  -> (artifact id: '726e50cb7a8f636b542b62285707e97b') in 0.013511 seconds
  Import took 0.016938 seconds .

========================================================================
Received Prepare
Registering precompiled user dll's ...
Registered in 0.000801 seconds.
Begin MonoManager ReloadAssembly
Native extension for WindowsStandalone target not found
Native extension for WebGL target not found
Refreshing native plugins compatible for Editor in 0.36 ms, found 1 plugins.
Preloading 0 native plugins for Editor in 0.00 ms.
Mono: successfully reloaded assembly
- Completed reload, in  0.786 seconds
Platform modules already initialized, skipping
Refreshing native plugins compatible for Editor in 0.37 ms, found 1 plugins.
Preloading 0 native plugins for Editor in 0.00 ms.
Unloading 1810 Unused Serialized files (Serialized files now loaded: 0)
System memory in use before: 88.6 MB.
System memory in use after: 88.6 MB.

Unloading 14 unused Assets to reduce memory usage. Loaded Objects now: 2435.
Total: 2.498100 ms (FindLiveObjects: 0.218000 ms CreateObjectMapping: 0.087900 ms MarkObjects: 2.079400 ms  DeleteObjects: 0.111800 ms)

========================================================================
Received Prepare
Registering precompiled user dll's ...
Registered in 0.000925 seconds.
Begin MonoManager ReloadAssembly
Native extension for WindowsStandalone target not found
Native extension for WebGL target not found
Refreshing native plugins compatible for Editor in 0.34 ms, found 1 plugins.
Preloading 0 native plugins for Editor in 0.00 ms.
Mono: successfully reloaded assembly
- Completed reload, in  0.854 seconds
Platform modules already initialized, skipping
Refreshing native plugins compatible for Editor in 0.36 ms, found 1 plugins.
Preloading 0 native plugins for Editor in 0.00 ms.
Unloading 1810 Unused Serialized files (Serialized files now loaded: 0)
System memory in use before: 88.6 MB.
System memory in use after: 88.6 MB.

Unloading 12 unused Assets to reduce memory usage. Loaded Objects now: 2439.
Total: 2.983100 ms (FindLiveObjects: 0.244500 ms CreateObjectMapping: 0.159900 ms MarkObjects: 2.463500 ms  DeleteObjects: 0.114100 ms)

========================================================================
Received Prepare
Registering precompiled user dll's ...
Registered in 0.000795 seconds.
Begin MonoManager ReloadAssembly
Native extension for WindowsStandalone target not found
Native extension for WebGL target not found
Refreshing native plugins compatible for Editor in 0.33 ms, found 1 plugins.
Preloading 0 native plugins for Editor in 0.00 ms.
Mono: successfully reloaded assembly
- Completed reload, in  0.801 seconds
Platform modules already initialized, skipping
Refreshing native plugins compatible for Editor in 0.38 ms, found 1 plugins.
Preloading 0 native plugins for Editor in 0.00 ms.
Unloading 1810 Unused Serialized files (Serialized files now loaded: 0)
System memory in use before: 88.6 MB.
System memory in use after: 88.6 MB.

Unloading 12 unused Assets to reduce memory usage. Loaded Objects now: 2443.
Total: 1.951200 ms (FindLiveObjects: 0.193000 ms CreateObjectMapping: 0.058300 ms MarkObjects: 1.609000 ms  DeleteObjects: 0.089700 ms)

========================================================================
Received Prepare
Registering precompiled user dll's ...
Registered in 0.000723 seconds.
Begin MonoManager ReloadAssembly
Native extension for WindowsStandalone target not found
Native extension for WebGL target not found
Refreshing native plugins compatible for Editor in 0.35 ms, found 1 plugins.
Preloading 0 native plugins for Editor in 0.00 ms.
Mono: successfully reloaded assembly
- Completed reload, in  0.844 seconds
Platform modules already initialized, skipping
Refreshing native plugins compatible for Editor in 0.35 ms, found 1 plugins.
Preloading 0 native plugins for Editor in 0.00 ms.
Unloading 1810 Unused Serialized files (Serialized files now loaded: 0)
System memory in use before: 88.6 MB.
System memory in use after: 88.6 MB.

Unloading 12 unused Assets to reduce memory usage. Loaded Objects now: 2447.
Total: 2.340200 ms (FindLiveObjects: 0.215500 ms CreateObjectMapping: 0.072100 ms MarkObjects: 1.938200 ms  DeleteObjects: 0.113000 ms)

========================================================================
Received Prepare
Registering precompiled user dll's ...
Registered in 0.000784 seconds.
Begin MonoManager ReloadAssembly
Native extension for WindowsStandalone target not found
Native extension for WebGL target not found
Refreshing native plugins compatible for Editor in 0.32 ms, found 1 plugins.
Preloading 0 native plugins for Editor in 0.00 ms.
Mono: successfully reloaded assembly
- Completed reload, in  0.867 seconds
Platform modules already initialized, skipping
Refreshing native plugins compatible for Editor in 0.35 ms, found 1 plugins.
Preloading 0 native plugins for Editor in 0.00 ms.
Unloading 1810 Unused Serialized files (Serialized files now loaded: 0)
System memory in use before: 88.6 MB.
System memory in use after: 88.6 MB.

Unloading 12 unused Assets to reduce memory usage. Loaded Objects now: 2451.
Total: 2.445500 ms (FindLiveObjects: 0.197000 ms CreateObjectMapping: 0.063900 ms MarkObjects: 2.051500 ms  DeleteObjects: 0.131600 ms)

========================================================================
Received Prepare
Registering precompiled user dll's ...
Registered in 0.000805 seconds.
Begin MonoManager ReloadAssembly
Native extension for WindowsStandalone target not found
Native extension for WebGL target not found
Refreshing native plugins compatible for Editor in 0.55 ms, found 1 plugins.
Preloading 0 native plugins for Editor in 0.00 ms.
Mono: successfully reloaded assembly
- Completed reload, in  0.940 seconds
Platform modules already initialized, skipping
Refreshing native plugins compatible for Editor in 0.34 ms, found 1 plugins.
Preloading 0 native plugins for Editor in 0.00 ms.
Unloading 1811 Unused Serialized files (Serialized files now loaded: 0)
System memory in use before: 88.6 MB.
System memory in use after: 88.6 MB.

Unloading 12 unused Assets to reduce memory usage. Loaded Objects now: 2456.
Total: 2.340200 ms (FindLiveObjects: 0.252500 ms CreateObjectMapping: 0.087300 ms MarkObjects: 1.885600 ms  DeleteObjects: 0.113700 ms)

========================================================================
Received Import Request.
  Time since last request: 688.807131 seconds.
  path: Assets/Scripts/CollisionPlayerWithEnemy.cs
  artifactKey: Guid(fa03d486ff8589b41815834e3ecbe83f) Importer(815301076,1909f56bfc062723c751e8b465ee728b)
Start importing Assets/Scripts/CollisionPlayerWithEnemy.cs using Guid(fa03d486ff8589b41815834e3ecbe83f) Importer(815301076,1909f56bfc062723c751e8b465ee728b)  -> (artifact id: '8a1966a681c21733f81b477a778817fd') in 0.010614 seconds
  Import took 0.013959 seconds .

========================================================================
Received Prepare
Registering precompiled user dll's ...
Registered in 0.000751 seconds.
Begin MonoManager ReloadAssembly
Native extension for WindowsStandalone target not found
Native extension for WebGL target not found
Refreshing native plugins compatible for Editor in 0.36 ms, found 1 plugins.
Preloading 0 native plugins for Editor in 0.00 ms.
Mono: successfully reloaded assembly
- Completed reload, in  0.980 seconds
Platform modules already initialized, skipping
Refreshing native plugins compatible for Editor in 0.35 ms, found 1 plugins.
Preloading 0 native plugins for Editor in 0.00 ms.
Unloading 1811 Unused Serialized files (Serialized files now loaded: 0)
System memory in use before: 88.7 MB.
System memory in use after: 88.6 MB.

Unloading 12 unused Assets to reduce memory usage. Loaded Objects now: 2460.
Total: 2.607100 ms (FindLiveObjects: 0.256000 ms CreateObjectMapping: 0.063100 ms MarkObjects: 2.158800 ms  DeleteObjects: 0.128000 ms)

========================================================================
Received Prepare
Registering precompiled user dll's ...
Registered in 0.001025 seconds.
Begin MonoManager ReloadAssembly
Native extension for WindowsStandalone target not found
Native extension for WebGL target not found
Refreshing native plugins compatible for Editor in 0.37 ms, found 1 plugins.
Preloading 0 native plugins for Editor in 0.00 ms.
Mono: successfully reloaded assembly
- Completed reload, in  0.807 seconds
Platform modules already initialized, skipping
Script error: OnCollisionEnter2D
This message parameter has to be of type: Collision2D
The message will be ignored.

Refreshing native plugins compatible for Editor in 0.32 ms, found 1 plugins.
Preloading 0 native plugins for Editor in 0.00 ms.
Unloading 1811 Unused Serialized files (Serialized files now loaded: 0)
System memory in use before: 88.8 MB.
System memory in use after: 88.8 MB.

Unloading 12 unused Assets to reduce memory usage. Loaded Objects now: 2464.
Total: 2.321900 ms (FindLiveObjects: 0.352700 ms CreateObjectMapping: 0.114000 ms MarkObjects: 1.754800 ms  DeleteObjects: 0.099500 ms)

========================================================================
Received Import Request.
  Time since last request: 148.112136 seconds.
  path: Assets/Scripts/CollisionPlayerWithEnemy.cs
  artifactKey: Guid(fa03d486ff8589b41815834e3ecbe83f) Importer(815301076,1909f56bfc062723c751e8b465ee728b)
Start importing Assets/Scripts/CollisionPlayerWithEnemy.cs using Guid(fa03d486ff8589b41815834e3ecbe83f) Importer(815301076,1909f56bfc062723c751e8b465ee728b)  -> (artifact id: '4a6027e66b5601fd04a755e45bf29f1e') in 0.004257 seconds
  Import took 0.007280 seconds .

========================================================================
Received Prepare
Registering precompiled user dll's ...
Registered in 0.000803 seconds.
Begin MonoManager ReloadAssembly
Native extension for WindowsStandalone target not found
Native extension for WebGL target not found
Refreshing native plugins compatible for Editor in 0.39 ms, found 1 plugins.
Preloading 0 native plugins for Editor in 0.00 ms.
Mono: successfully reloaded assembly
- Completed reload, in  0.862 seconds
Platform modules already initialized, skipping
Script error: OnCollisionEnter2D
This message parameter has to be of type: Collision2D
The message will be ignored.

Refreshing native plugins compatible for Editor in 0.49 ms, found 1 plugins.
Preloading 0 native plugins for Editor in 0.00 ms.
Unloading 1811 Unused Serialized files (Serialized files now loaded: 0)
System memory in use before: 88.8 MB.
System memory in use after: 88.8 MB.

Unloading 12 unused Assets to reduce memory usage. Loaded Objects now: 2468.
Total: 2.412300 ms (FindLiveObjects: 0.214100 ms CreateObjectMapping: 0.061500 ms MarkObjects: 2.002300 ms  DeleteObjects: 0.133400 ms)

========================================================================
Received Prepare
Registering precompiled user dll's ...
Registered in 0.000939 seconds.
Begin MonoManager ReloadAssembly
Native extension for WindowsStandalone target not found
Native extension for WebGL target not found
Refreshing native plugins compatible for Editor in 0.38 ms, found 1 plugins.
Preloading 0 native plugins for Editor in 0.00 ms.
Mono: successfully reloaded assembly
- Completed reload, in  0.860 seconds
Platform modules already initialized, skipping
Script error: OnCollisionEnter2D
This message parameter has to be of type: Collision2D
The message will be ignored.

Refreshing native plugins compatible for Editor in 0.36 ms, found 1 plugins.
Preloading 0 native plugins for Editor in 0.00 ms.
Unloading 1811 Unused Serialized files (Serialized files now loaded: 0)
System memory in use before: 88.8 MB.
System memory in use after: 88.8 MB.

Unloading 12 unused Assets to reduce memory usage. Loaded Objects now: 2472.
Total: 2.631100 ms (FindLiveObjects: 0.365900 ms CreateObjectMapping: 0.123100 ms MarkObjects: 2.035300 ms  DeleteObjects: 0.104400 ms)

========================================================================
Received Prepare
Registering precompiled user dll's ...
Registered in 0.000704 seconds.
Begin MonoManager ReloadAssembly
Native extension for WindowsStandalone target not found
Native extension for WebGL target not found
Refreshing native plugins compatible for Editor in 0.30 ms, found 1 plugins.
Preloading 0 native plugins for Editor in 0.00 ms.
Mono: successfully reloaded assembly
- Completed reload, in  0.753 seconds
Platform modules already initialized, skipping
Script error: OnCollisionEnter2D
This message parameter has to be of type: Collision2D
The message will be ignored.

Refreshing native plugins compatible for Editor in 0.32 ms, found 1 plugins.
Preloading 0 native plugins for Editor in 0.00 ms.
Unloading 1811 Unused Serialized files (Serialized files now loaded: 0)
System memory in use before: 88.8 MB.
System memory in use after: 88.8 MB.

Unloading 12 unused Assets to reduce memory usage. Loaded Objects now: 2476.
Total: 1.904100 ms (FindLiveObjects: 0.188200 ms CreateObjectMapping: 0.071300 ms MarkObjects: 1.562000 ms  DeleteObjects: 0.081400 ms)

========================================================================
Received Import Request.
  Time since last request: 83.767155 seconds.
  path: Assets/Prefabs/Player.prefab
  artifactKey: Guid(bf39f0fa0d6ceb14fa3889f90d96e01b) Importer(815301076,1909f56bfc062723c751e8b465ee728b)
Start importing Assets/Prefabs/Player.prefab using Guid(bf39f0fa0d6ceb14fa3889f90d96e01b) Importer(815301076,1909f56bfc062723c751e8b465ee728b)  -> (artifact id: 'effe4aaea3caa7aa6a221dc9d6d5df83') in 0.058777 seconds
  Import took 0.062220 seconds .

========================================================================
Received Import Request.
  Time since last request: 0.000906 seconds.
  path: Assets/Prefabs/Player.prefab
  artifactKey: Guid(bf39f0fa0d6ceb14fa3889f90d96e01b) Importer(815301076,1909f56bfc062723c751e8b465ee728b)
Start importing Assets/Prefabs/Player.prefab using Guid(bf39f0fa0d6ceb14fa3889f90d96e01b) Importer(815301076,1909f56bfc062723c751e8b465ee728b)  -> (artifact id: 'effe4aaea3caa7aa6a221dc9d6d5df83') in 0.013822 seconds
  Import took 0.017382 seconds .

========================================================================
Received Prepare
Registering precompiled user dll's ...
Registered in 0.000691 seconds.
Begin MonoManager ReloadAssembly
Native extension for WindowsStandalone target not found
Native extension for WebGL target not found
Refreshing native plugins compatible for Editor in 0.33 ms, found 1 plugins.
Preloading 0 native plugins for Editor in 0.00 ms.
Mono: successfully reloaded assembly
- Completed reload, in  0.818 seconds
Platform modules already initialized, skipping
Script error: OnCollisionEnter2D
This message parameter has to be of type: Collision2D
The message will be ignored.

Refreshing native plugins compatible for Editor in 0.42 ms, found 1 plugins.
Preloading 0 native plugins for Editor in 0.00 ms.
Unloading 1811 Unused Serialized files (Serialized files now loaded: 0)
System memory in use before: 88.9 MB.
System memory in use after: 88.8 MB.

Unloading 12 unused Assets to reduce memory usage. Loaded Objects now: 2481.
Total: 1.817900 ms (FindLiveObjects: 0.198500 ms CreateObjectMapping: 0.065300 ms MarkObjects: 1.450500 ms  DeleteObjects: 0.102600 ms)

========================================================================
Received Prepare
Registering precompiled user dll's ...
Registered in 0.000880 seconds.
Begin MonoManager ReloadAssembly
Native extension for WindowsStandalone target not found
Native extension for WebGL target not found
Refreshing native plugins compatible for Editor in 0.32 ms, found 1 plugins.
Preloading 0 native plugins for Editor in 0.00 ms.
Mono: successfully reloaded assembly
- Completed reload, in  0.753 seconds
Platform modules already initialized, skipping
Script error: OnCollisionEnter2D
This message parameter has to be of type: Collision2D
The message will be ignored.

Refreshing native plugins compatible for Editor in 0.33 ms, found 1 plugins.
Preloading 0 native plugins for Editor in 0.00 ms.
Unloading 1811 Unused Serialized files (Serialized files now loaded: 0)
System memory in use before: 88.9 MB.
System memory in use after: 88.8 MB.

Unloading 12 unused Assets to reduce memory usage. Loaded Objects now: 2485.
Total: 1.881700 ms (FindLiveObjects: 0.194900 ms CreateObjectMapping: 0.056000 ms MarkObjects: 1.547500 ms  DeleteObjects: 0.082400 ms)

========================================================================
Received Prepare
Registering precompiled user dll's ...
Registered in 0.000861 seconds.
Begin MonoManager ReloadAssembly
Native extension for WindowsStandalone target not found
Native extension for WebGL target not found
Refreshing native plugins compatible for Editor in 0.30 ms, found 1 plugins.
Preloading 0 native plugins for Editor in 0.00 ms.
Mono: successfully reloaded assembly
- Completed reload, in  0.734 seconds
Platform modules already initialized, skipping
Refreshing native plugins compatible for Editor in 0.33 ms, found 1 plugins.
Preloading 0 native plugins for Editor in 0.00 ms.
Unloading 1811 Unused Serialized files (Serialized files now loaded: 0)
System memory in use before: 88.9 MB.
System memory in use after: 88.8 MB.

Unloading 12 unused Assets to reduce memory usage. Loaded Objects now: 2489.
Total: 2.397500 ms (FindLiveObjects: 0.501400 ms CreateObjectMapping: 0.174300 ms MarkObjects: 1.639300 ms  DeleteObjects: 0.080600 ms)

========================================================================
Received Prepare
Registering precompiled user dll's ...
Registered in 0.000513 seconds.
Begin MonoManager ReloadAssembly
Native extension for WindowsStandalone target not found
Native extension for WebGL target not found
Refreshing native plugins compatible for Editor in 0.41 ms, found 1 plugins.
Preloading 0 native plugins for Editor in 0.00 ms.
Mono: successfully reloaded assembly
- Completed reload, in  0.804 seconds
Platform modules already initialized, skipping
Refreshing native plugins compatible for Editor in 0.41 ms, found 1 plugins.
Preloading 0 native plugins for Editor in 0.00 ms.
Unloading 1811 Unused Serialized files (Serialized files now loaded: 0)
System memory in use before: 88.9 MB.
System memory in use after: 88.8 MB.

Unloading 12 unused Assets to reduce memory usage. Loaded Objects now: 2493.
Total: 1.932400 ms (FindLiveObjects: 0.278100 ms CreateObjectMapping: 0.071300 ms MarkObjects: 1.487600 ms  DeleteObjects: 0.094200 ms)

========================================================================
Received Import Request.
  Time since last request: 350.595273 seconds.
  path: Assets/Scripts/SpawnMonstersController.cs
  artifactKey: Guid(f39f734128a66a44b8bdabcb7aef81ff) Importer(815301076,1909f56bfc062723c751e8b465ee728b)
Start importing Assets/Scripts/SpawnMonstersController.cs using Guid(f39f734128a66a44b8bdabcb7aef81ff) Importer(815301076,1909f56bfc062723c751e8b465ee728b)  -> (artifact id: '47d1e47e9b4d883fd24e63714d6b0150') in 0.011747 seconds
  Import took 0.015277 seconds .

========================================================================
Received Prepare
Registering precompiled user dll's ...
Registered in 0.001019 seconds.
Begin MonoManager ReloadAssembly
Native extension for WindowsStandalone target not found
Native extension for WebGL target not found
Refreshing native plugins compatible for Editor in 0.42 ms, found 1 plugins.
Preloading 0 native plugins for Editor in 0.00 ms.
Mono: successfully reloaded assembly
- Completed reload, in  0.988 seconds
Platform modules already initialized, skipping
Refreshing native plugins compatible for Editor in 0.37 ms, found 1 plugins.
Preloading 0 native plugins for Editor in 0.00 ms.
Unloading 1812 Unused Serialized files (Serialized files now loaded: 0)
System memory in use before: 88.9 MB.
System memory in use after: 88.9 MB.

Unloading 12 unused Assets to reduce memory usage. Loaded Objects now: 2498.
Total: 1.745900 ms (FindLiveObjects: 0.204500 ms CreateObjectMapping: 0.073300 ms MarkObjects: 1.371000 ms  DeleteObjects: 0.095900 ms)

========================================================================
Received Prepare
Registering precompiled user dll's ...
Registered in 0.000909 seconds.
Begin MonoManager ReloadAssembly
Native extension for WindowsStandalone target not found
Native extension for WebGL target not found
Refreshing native plugins compatible for Editor in 0.31 ms, found 1 plugins.
Preloading 0 native plugins for Editor in 0.00 ms.
Mono: successfully reloaded assembly
- Completed reload, in  0.790 seconds
Platform modules already initialized, skipping
Refreshing native plugins compatible for Editor in 0.33 ms, found 1 plugins.
Preloading 0 native plugins for Editor in 0.00 ms.
Unloading 1812 Unused Serialized files (Serialized files now loaded: 0)
System memory in use before: 88.9 MB.
System memory in use after: 88.9 MB.

Unloading 12 unused Assets to reduce memory usage. Loaded Objects now: 2502.
Total: 2.126200 ms (FindLiveObjects: 0.224300 ms CreateObjectMapping: 0.073000 ms MarkObjects: 1.713000 ms  DeleteObjects: 0.115100 ms)

========================================================================
Received Import Request.
  Time since last request: 293.149572 seconds.
  path: Assets/Scripts/SpawnMonstersController.cs
  artifactKey: Guid(f39f734128a66a44b8bdabcb7aef81ff) Importer(815301076,1909f56bfc062723c751e8b465ee728b)
Start importing Assets/Scripts/SpawnMonstersController.cs using Guid(f39f734128a66a44b8bdabcb7aef81ff) Importer(815301076,1909f56bfc062723c751e8b465ee728b)  -> (artifact id: '7484413f127af034e024074527360e79') in 0.011726 seconds
  Import took 0.017776 seconds .

========================================================================
Received Prepare
Registering precompiled user dll's ...
Registered in 0.000676 seconds.
Begin MonoManager ReloadAssembly
Native extension for WindowsStandalone target not found
Native extension for WebGL target not found
Refreshing native plugins compatible for Editor in 0.31 ms, found 1 plugins.
Preloading 0 native plugins for Editor in 0.00 ms.
Mono: successfully reloaded assembly
- Completed reload, in  0.770 seconds
Platform modules already initialized, skipping
Refreshing native plugins compatible for Editor in 0.34 ms, found 1 plugins.
Preloading 0 native plugins for Editor in 0.00 ms.
Unloading 1812 Unused Serialized files (Serialized files now loaded: 0)
System memory in use before: 88.9 MB.
System memory in use after: 88.9 MB.

Unloading 12 unused Assets to reduce memory usage. Loaded Objects now: 2506.
Total: 2.629200 ms (FindLiveObjects: 0.799000 ms CreateObjectMapping: 0.078800 ms MarkObjects: 1.646300 ms  DeleteObjects: 0.102800 ms)

========================================================================
Received Prepare
Registering precompiled user dll's ...
Registered in 0.000716 seconds.
Begin MonoManager ReloadAssembly
Native extension for WindowsStandalone target not found
Native extension for WebGL target not found
Refreshing native plugins compatible for Editor in 0.49 ms, found 1 plugins.
Preloading 0 native plugins for Editor in 0.00 ms.
Mono: successfully reloaded assembly
- Completed reload, in  0.804 seconds
Platform modules already initialized, skipping
Refreshing native plugins compatible for Editor in 0.32 ms, found 1 plugins.
Preloading 0 native plugins for Editor in 0.00 ms.
Unloading 1812 Unused Serialized files (Serialized files now loaded: 0)
System memory in use before: 88.9 MB.
System memory in use after: 88.9 MB.

Unloading 12 unused Assets to reduce memory usage. Loaded Objects now: 2510.
Total: 2.107300 ms (FindLiveObjects: 0.195000 ms CreateObjectMapping: 0.071400 ms MarkObjects: 1.734000 ms  DeleteObjects: 0.106200 ms)

========================================================================
Received Import Request.
  Time since last request: 634.521795 seconds.
  path: Assets/Scripts/PlayerMovement.cs
  artifactKey: Guid(cbf3e92190f6e034fbf4ea34aea58a9a) Importer(815301076,1909f56bfc062723c751e8b465ee728b)
Start importing Assets/Scripts/PlayerMovement.cs using Guid(cbf3e92190f6e034fbf4ea34aea58a9a) Importer(815301076,1909f56bfc062723c751e8b465ee728b)  -> (artifact id: 'f48d9b1178597e13f215e4f5731c037f') in 0.010993 seconds
  Import took 0.014006 seconds .

========================================================================
Received Import Request.
  Time since last request: 0.025144 seconds.
  path: Assets/Scripts/PlayerMovement.cs
  artifactKey: Guid(cbf3e92190f6e034fbf4ea34aea58a9a) Importer(815301076,1909f56bfc062723c751e8b465ee728b)
Start importing Assets/Scripts/PlayerMovement.cs using Guid(cbf3e92190f6e034fbf4ea34aea58a9a) Importer(815301076,1909f56bfc062723c751e8b465ee728b)  -> (artifact id: 'f48d9b1178597e13f215e4f5731c037f') in 0.002084 seconds
  Import took 0.005855 seconds .

========================================================================
Received Prepare
Registering precompiled user dll's ...
Registered in 0.000897 seconds.
Begin MonoManager ReloadAssembly
Native extension for WindowsStandalone target not found
Native extension for WebGL target not found
Refreshing native plugins compatible for Editor in 0.35 ms, found 1 plugins.
Preloading 0 native plugins for Editor in 0.00 ms.
Mono: successfully reloaded assembly
- Completed reload, in  0.754 seconds
Platform modules already initialized, skipping
Refreshing native plugins compatible for Editor in 0.41 ms, found 1 plugins.
Preloading 0 native plugins for Editor in 0.00 ms.
Unloading 1812 Unused Serialized files (Serialized files now loaded: 0)
System memory in use before: 88.9 MB.
System memory in use after: 88.9 MB.

Unloading 12 unused Assets to reduce memory usage. Loaded Objects now: 2514.
Total: 2.026800 ms (FindLiveObjects: 0.279800 ms CreateObjectMapping: 0.077300 ms MarkObjects: 1.576400 ms  DeleteObjects: 0.092500 ms)

========================================================================
Received Import Request.
  Time since last request: 94.137304 seconds.
  path: Assets/Scripts/PlayerMovement.cs
  artifactKey: Guid(cbf3e92190f6e034fbf4ea34aea58a9a) Importer(815301076,1909f56bfc062723c751e8b465ee728b)
Start importing Assets/Scripts/PlayerMovement.cs using Guid(cbf3e92190f6e034fbf4ea34aea58a9a) Importer(815301076,1909f56bfc062723c751e8b465ee728b)  -> (artifact id: 'ada5ab878b6703c54231809ed8038b94') in 0.004092 seconds
  Import took 0.007551 seconds .

========================================================================
Received Import Request.
  Time since last request: 0.006896 seconds.
  path: Assets/Scripts/PlayerMovement.cs
  artifactKey: Guid(cbf3e92190f6e034fbf4ea34aea58a9a) Importer(815301076,1909f56bfc062723c751e8b465ee728b)
Start importing Assets/Scripts/PlayerMovement.cs using Guid(cbf3e92190f6e034fbf4ea34aea58a9a) Importer(815301076,1909f56bfc062723c751e8b465ee728b)  -> (artifact id: 'ada5ab878b6703c54231809ed8038b94') in 0.001702 seconds
  Import took 0.004703 seconds .

========================================================================
Received Prepare
Registering precompiled user dll's ...
Registered in 0.000608 seconds.
Begin MonoManager ReloadAssembly
Native extension for WindowsStandalone target not found
Native extension for WebGL target not found
Refreshing native plugins compatible for Editor in 0.41 ms, found 1 plugins.
Preloading 0 native plugins for Editor in 0.00 ms.
Mono: successfully reloaded assembly
- Completed reload, in  0.845 seconds
Platform modules already initialized, skipping
Refreshing native plugins compatible for Editor in 0.33 ms, found 1 plugins.
Preloading 0 native plugins for Editor in 0.00 ms.
Unloading 1812 Unused Serialized files (Serialized files now loaded: 0)
System memory in use before: 88.9 MB.
System memory in use after: 88.9 MB.

Unloading 12 unused Assets to reduce memory usage. Loaded Objects now: 2518.
Total: 2.518100 ms (FindLiveObjects: 0.265800 ms CreateObjectMapping: 0.088600 ms MarkObjects: 2.034300 ms  DeleteObjects: 0.128400 ms)

AssetImportWorkerClient::OnTransportError - code=2 error=End of file
